<?xml version="1.0" encoding="UTF-8"?>
<Site BuildName="(empty)"
	BuildStamp="20211126-1736-Experimental"
	Name="(empty)"
	Generator="ctest-3.19.8"
	CompilerName=""
	CompilerVersion=""
	OSName="Linux"
	Hostname="harith2001"
	OSRelease="4.15.0-162-generic"
	OSVersion="#170-Ubuntu SMP Mon Oct 18 11:38:05 UTC 2021"
	OSPlatform="x86_64"
	Is64Bits="1"
	VendorString="GenuineIntel"
	VendorID="Intel Corporation"
	FamilyID="6"
	ModelID="142"
	ProcessorCacheSize="8192"
	NumberOfLogicalCPU="8"
	NumberOfPhysicalCPU="4"
	TotalVirtualMemory="4291"
	TotalPhysicalMemory="15920"
	LogicalProcessorsPerPhysical="2"
	ProcessorClockFrequency="1111.58"
	>
	<Testing>
		<StartDateTime>Nov 26 19:36 EET</StartDateTime>
		<StartTestTime>1637948179</StartTestTime>
		<TestList/>
		<EndDateTime>Nov 26 19:36 EET</EndDateTime>
		<EndTestTime>1637948179</EndTestTime>
		<ElapsedMinutes>0</ElapsedMinutes>
	</Testing>
</Site>
